[ ]{0: LDARGS}
[ 42 ]{1: CALL 1 5}
[ 4 -999 42 ]{5: INCSP 1}
[ 4 -999 42 0 ]{7: GETBP}
[ 4 -999 42 0 2 ]{8: CSTI 1}
[ 4 -999 42 0 2 1 ]{10: ADD}
[ 4 -999 42 0 3 ]{11: GETBP}
[ 4 -999 42 0 3 2 ]{12: CSTI 0}
[ 4 -999 42 0 3 2 0 ]{14: ADD}
[ 4 -999 42 0 3 2 ]{15: LDI}
[ 4 -999 42 0 3 42 ]{16: STI}
[ 4 -999 42 42 42 ]{17: INCSP -1}
[ 4 -999 42 42 ]{19: INCSP 1}
[ 4 -999 42 42 42 ]{21: GETBP}
[ 4 -999 42 42 42 2 ]{22: CSTI 0}
[ 4 -999 42 42 42 2 0 ]{24: ADD}
[ 4 -999 42 42 42 2 ]{25: LDI}
[ 4 -999 42 42 42 42 ]{26: GETBP}
[ 4 -999 42 42 42 42 2 ]{27: CSTI 2}
[ 4 -999 42 42 42 42 2 2 ]{29: ADD}
[ 4 -999 42 42 42 42 4 ]{30: CALL 2 57}
[ 4 -999 42 42 42 33 2 42 4 ]{57: GETBP}
[ 4 -999 42 42 42 33 2 42 4 7 ]{58: CSTI 1}
[ 4 -999 42 42 42 33 2 42 4 7 1 ]{60: ADD}
[ 4 -999 42 42 42 33 2 42 4 8 ]{61: LDI}
[ 4 -999 42 42 42 33 2 42 4 4 ]{62: GETBP}
[ 4 -999 42 42 42 33 2 42 4 4 7 ]{63: CSTI 0}
[ 4 -999 42 42 42 33 2 42 4 4 7 0 ]{65: ADD}
[ 4 -999 42 42 42 33 2 42 4 4 7 ]{66: LDI}
[ 4 -999 42 42 42 33 2 42 4 4 42 ]{67: GETBP}
[ 4 -999 42 42 42 33 2 42 4 4 42 7 ]{68: CSTI 0}
[ 4 -999 42 42 42 33 2 42 4 4 42 7 0 ]{70: ADD}
[ 4 -999 42 42 42 33 2 42 4 4 42 7 ]{71: LDI}
[ 4 -999 42 42 42 33 2 42 4 4 42 42 ]{72: MUL}
[ 4 -999 42 42 42 33 2 42 4 4 1764 ]{73: STI}
[ 4 -999 42 42 1764 33 2 42 4 1764 ]{74: INCSP -1}
[ 4 -999 42 42 1764 33 2 42 4 ]{76: INCSP 0}
[ 4 -999 42 42 1764 33 2 42 4 ]{78: RET 1}
[ 4 -999 42 42 1764 4 ]{33: INCSP -1}
[ 4 -999 42 42 1764 ]{35: GETBP}
[ 4 -999 42 42 1764 2 ]{36: CSTI 2}
[ 4 -999 42 42 1764 2 2 ]{38: ADD}
[ 4 -999 42 42 1764 4 ]{39: LDI}
[ 4 -999 42 42 1764 1764 ]{40: PRINTI}
1764 [ 4 -999 42 42 1764 1764 ]{41: INCSP -1}
[ 4 -999 42 42 1764 ]{43: INCSP -1}
[ 4 -999 42 42 ]{45: GETBP}
[ 4 -999 42 42 2 ]{46: CSTI 1}
[ 4 -999 42 42 2 1 ]{48: ADD}
[ 4 -999 42 42 3 ]{49: LDI}
[ 4 -999 42 42 42 ]{50: PRINTI}
42 [ 4 -999 42 42 42 ]{51: INCSP -1}
[ 4 -999 42 42 ]{53: INCSP -1}
[ 4 -999 42 ]{55: RET 0}
[ 42 ]{4: STOP}
